SF:lib/models/horse_model.dart
DA:9,7
DA:11,0
DA:12,0
DA:14,1
DA:17,1
DA:18,3
DA:19,3
DA:20,3
DA:21,3
DA:23,0
DA:25,0
DA:28,3
DA:29,12
DA:32,3
DA:33,12
DA:36,1
DA:37,3
LF:17
LH:13
end_of_record
SF:lib/state_models/horse_list_model.dart
DA:12,6
DA:16,4
DA:18,3
DA:19,3
DA:21,3
DA:22,3
DA:23,3
DA:26,9
DA:27,9
DA:28,6
DA:29,3
DA:30,3
DA:32,0
DA:33,0
DA:37,2
DA:38,4
DA:39,2
DA:40,2
DA:43,3
DA:44,21
DA:47,2
DA:48,12
DA:49,2
DA:50,2
DA:53,1
DA:54,0
DA:55,1
DA:57,6
DA:58,2
DA:59,4
DA:60,1
DA:61,1
DA:64,0
DA:65,0
LF:34
LH:29
end_of_record
SF:lib/screens/home_screen.dart
DA:8,0
DA:10,1
DA:12,1
DA:13,1
DA:14,1
DA:16,1
DA:17,1
DA:18,0
DA:22,1
DA:23,2
DA:24,1
DA:26,1
DA:27,1
DA:28,1
DA:32,1
DA:33,1
DA:34,1
DA:35,1
LF:18
LH:16
end_of_record
SF:lib/widgets/horsesListView.dart
DA:8,2
DA:10,1
DA:12,1
DA:13,2
DA:14,2
DA:15,1
DA:16,1
DA:17,0
DA:18,0
DA:21,1
DA:22,1
DA:23,1
DA:24,1
DA:25,1
DA:27,1
DA:29,3
DA:30,2
DA:31,1
DA:32,1
DA:33,2
DA:34,3
DA:35,3
DA:36,2
DA:37,3
DA:38,3
DA:47,1
DA:48,1
DA:50,1
DA:51,1
DA:53,1
DA:54,1
DA:58,1
DA:60,1
DA:66,1
LF:34
LH:32
end_of_record
SF:lib/screens/add_horse_screen.dart
DA:7,2
DA:9,1
DA:10,1
DA:18,1
DA:20,2
DA:21,2
DA:22,1
DA:25,1
DA:27,2
DA:28,1
DA:29,1
DA:30,1
DA:32,1
DA:33,1
DA:35,1
DA:37,1
DA:38,1
DA:39,1
DA:40,1
DA:41,1
DA:42,1
DA:43,1
DA:45,1
DA:46,2
DA:49,1
DA:50,1
DA:51,1
DA:52,1
DA:53,1
DA:54,1
DA:57,1
DA:58,1
DA:59,1
DA:60,1
DA:61,1
DA:62,3
DA:63,1
DA:64,4
DA:65,2
DA:66,1
LF:40
LH:40
end_of_record
